<?xml version="1.0" encoding="UTF-8"?>
<testng-results ignored="0" total="1" passed="1" failed="0" skipped="0">
  <reporter-output>
  </reporter-output>
  <suite started-at="2023-09-30T18:00:09 IST" name="Default suite" finished-at="2023-09-30T18:00:18 IST" duration-ms="8775">
    <groups>
    </groups>
    <test started-at="2023-09-30T18:00:09 IST" name="Default test" finished-at="2023-09-30T18:00:18 IST" duration-ms="8775">
      <class name="test_cases.THIRTYONEAUG">
        <test-method signature="launchBrowser()[pri:0, instance:test_cases.THIRTYONEAUG@35d019a3]" started-at="2023-09-30T18:00:09 IST" name="launchBrowser" finished-at="2023-09-30T18:00:18 IST" duration-ms="8720" status="PASS">
          <reporter-output>
          </reporter-output>
        </test-method> <!-- launchBrowser -->
      </class> <!-- test_cases.THIRTYONEAUG -->
    </test> <!-- Default test -->
  </suite> <!-- Default suite -->
</testng-results>
